
> rammerhead@1.2.64 start
> node src/server.js

(master) [2026-02-15T05:02:00.062Z] [INFO] (setupRoutes) Registering /styles.css handler, path: /Users/Benran/Documents/GitHub/rammerhead/public/style.css, exists: true
(master) [2026-02-15T05:02:00.063Z] [INFO] (setupRoutes) Successfully registered /styles.css handler
(master) [2026-02-15T05:02:00.063Z] [INFO] (server) Overriding /style.css route to serve fresh content
(master) [2026-02-15T05:02:00.063Z] [INFO] (server) Successfully overrode /style.css route
(master) [2026-02-15T05:02:00.063Z] [INFO] {"port":8080,"crossPort":8081,"master":true}
(master) [2026-02-15T05:02:00.064Z] [INFO] Rammerhead proxy load balancer is listening on http://0.0.0.0:8080
(6) [2026-02-15T05:02:00.433Z] [INFO] (setupRoutes) Registering /styles.css handler, path: /Users/Benran/Documents/GitHub/rammerhead/public/style.css, exists: true
(6) [2026-02-15T05:02:00.435Z] [INFO] (setupRoutes) Successfully registered /styles.css handler
(6) [2026-02-15T05:02:00.436Z] [INFO] (server) Overriding /style.css route to serve fresh content
(6) [2026-02-15T05:02:00.436Z] [INFO] (server) Successfully overrode /style.css route
(6) [2026-02-15T05:02:00.436Z] [INFO] {"port":8080,"crossPort":8081,"master":false}
(6) [2026-02-15T05:02:00.436Z] [INFO] Worker 6 is running
(5) [2026-02-15T05:02:00.457Z] [INFO] (setupRoutes) Registering /styles.css handler, path: /Users/Benran/Documents/GitHub/rammerhead/public/style.css, exists: true
(5) [2026-02-15T05:02:00.459Z] [INFO] (setupRoutes) Successfully registered /styles.css handler
(5) [2026-02-15T05:02:00.459Z] [INFO] (server) Overriding /style.css route to serve fresh content
(5) [2026-02-15T05:02:00.459Z] [INFO] (server) Successfully overrode /style.css route
(5) [2026-02-15T05:02:00.460Z] [INFO] {"port":8080,"crossPort":8081,"master":false}
(5) [2026-02-15T05:02:00.460Z] [INFO] Worker 5 is running
(2) [2026-02-15T05:02:00.460Z] [INFO] (setupRoutes) Registering /styles.css handler, path: /Users/Benran/Documents/GitHub/rammerhead/public/style.css, exists: true
(2) [2026-02-15T05:02:00.465Z] [INFO] (setupRoutes) Successfully registered /styles.css handler
(2) [2026-02-15T05:02:00.465Z] [INFO] (server) Overriding /style.css route to serve fresh content
(2) [2026-02-15T05:02:00.465Z] [INFO] (server) Successfully overrode /style.css route
(2) [2026-02-15T05:02:00.465Z] [INFO] {"port":8080,"crossPort":8081,"master":false}
(2) [2026-02-15T05:02:00.465Z] [INFO] Worker 2 is running
(4) [2026-02-15T05:02:00.467Z] [INFO] (setupRoutes) Registering /styles.css handler, path: /Users/Benran/Documents/GitHub/rammerhead/public/style.css, exists: true
(4) [2026-02-15T05:02:00.472Z] [INFO] (setupRoutes) Successfully registered /styles.css handler
(4) [2026-02-15T05:02:00.472Z] [INFO] (server) Overriding /style.css route to serve fresh content
(4) [2026-02-15T05:02:00.472Z] [INFO] (server) Successfully overrode /style.css route
(4) [2026-02-15T05:02:00.472Z] [INFO] {"port":8080,"crossPort":8081,"master":false}
(8) [2026-02-15T05:02:00.471Z] [INFO] (setupRoutes) Registering /styles.css handler, path: /Users/Benran/Documents/GitHub/rammerhead/public/style.css, exists: true
(4) [2026-02-15T05:02:00.472Z] [INFO] Worker 4 is running
(8) [2026-02-15T05:02:00.473Z] [INFO] (setupRoutes) Successfully registered /styles.css handler
(8) [2026-02-15T05:02:00.473Z] [INFO] (server) Overriding /style.css route to serve fresh content
(8) [2026-02-15T05:02:00.473Z] [INFO] (server) Successfully overrode /style.css route
(8) [2026-02-15T05:02:00.475Z] [INFO] {"port":8080,"crossPort":8081,"master":false}
(8) [2026-02-15T05:02:00.477Z] [INFO] Worker 8 is running
(3) [2026-02-15T05:02:00.482Z] [INFO] (setupRoutes) Registering /styles.css handler, path: /Users/Benran/Documents/GitHub/rammerhead/public/style.css, exists: true
(3) [2026-02-15T05:02:00.486Z] [INFO] (setupRoutes) Successfully registered /styles.css handler
(3) [2026-02-15T05:02:00.486Z] [INFO] (server) Overriding /style.css route to serve fresh content
(3) [2026-02-15T05:02:00.486Z] [INFO] (server) Successfully overrode /style.css route
(3) [2026-02-15T05:02:00.487Z] [INFO] {"port":8080,"crossPort":8081,"master":false}
(3) [2026-02-15T05:02:00.487Z] [INFO] Worker 3 is running
(1) [2026-02-15T05:02:00.486Z] [INFO] (setupRoutes) Registering /styles.css handler, path: /Users/Benran/Documents/GitHub/rammerhead/public/style.css, exists: true
(1) [2026-02-15T05:02:00.487Z] [INFO] (setupRoutes) Successfully registered /styles.css handler
(1) [2026-02-15T05:02:00.487Z] [INFO] (server) Overriding /style.css route to serve fresh content
(1) [2026-02-15T05:02:00.487Z] [INFO] (server) Successfully overrode /style.css route
(1) [2026-02-15T05:02:00.488Z] [INFO] {"port":8080,"crossPort":8081,"master":false}
(1) [2026-02-15T05:02:00.488Z] [INFO] Worker 1 is running
(7) [2026-02-15T05:02:00.489Z] [INFO] (setupRoutes) Registering /styles.css handler, path: /Users/Benran/Documents/GitHub/rammerhead/public/style.css, exists: true
(7) [2026-02-15T05:02:00.491Z] [INFO] (setupRoutes) Successfully registered /styles.css handler
(7) [2026-02-15T05:02:00.491Z] [INFO] (server) Overriding /style.css route to serve fresh content
(7) [2026-02-15T05:02:00.491Z] [INFO] (server) Successfully overrode /style.css route
(7) [2026-02-15T05:02:00.492Z] [INFO] {"port":8080,"crossPort":8081,"master":false}
(7) [2026-02-15T05:02:00.492Z] [INFO] Worker 7 is running
